<?xml version="1.0" encoding="UTF-8"?>
<testng-results ignored="0" total="1" passed="1" failed="0" skipped="0">
  <reporter-output>
  </reporter-output>
  <suite started-at="2026-03-31T14:49:47 IST" name="Surefire suite" finished-at="2026-03-31T14:52:04 IST" duration-ms="137457">
    <groups>
    </groups>
    <test started-at="2026-03-31T14:49:47 IST" name="Surefire test" finished-at="2026-03-31T14:52:04 IST" duration-ms="137457">
      <class name="com.snasquare.appium.tests.EPostTest">
        <test-method is-config="true" signature="setUp()[pri:0, instance:com.snasquare.appium.tests.EPostTest@67f639d3]" started-at="2026-03-31T14:49:47 IST" name="setUp" finished-at="2026-03-31T14:50:09 IST" duration-ms="22295" status="PASS">
          <reporter-output>
          </reporter-output>
        </test-method> <!-- setUp -->
        <test-method signature="LoginTest()[pri:0, instance:com.snasquare.appium.tests.EPostTest@67f639d3]" started-at="2026-03-31T14:50:09 IST" name="LoginTest" finished-at="2026-03-31T14:52:04 IST" duration-ms="115084" status="PASS">
          <reporter-output>
          </reporter-output>
        </test-method> <!-- LoginTest -->
      </class> <!-- com.snasquare.appium.tests.EPostTest -->
    </test> <!-- Surefire test -->
  </suite> <!-- Surefire suite -->
</testng-results>
