<?xml version="1.0" encoding="UTF-8"?>
<testsuite xmlns:xsi="http://www.w3.org/2001/XMLSchema-instance" xsi:noNamespaceSchemaLocation="https://maven.apache.org/surefire/maven-surefire-plugin/xsd/surefire-test-report-3.0.xsd" version="3.0" name="TestSuite" time="18.486" tests="3" errors="0" skipped="1" failures="1">
  <properties>
[...]
</properties>
  <testcase name="automatedLoginTest" classname="com.snasquare.appium.tests.LoginTest" time="7.354">
    <system-out><![CDATA[...
... TestNG 7.9.0 by Cédric Beust (cedric@beust.com)
...

✅ Login Successful
]]></system-out>
    <system-err><![CDATA[SLF4J: No SLF4J providers were found.
SLF4J: Defaulting to no-operation (NOP) logger implementation
SLF4J: See https://www.slf4j.org/codes.html#noProviders for further details.
SLF4J: Class path contains SLF4J bindings targeting slf4j-api versions 1.7.x or earlier.
SLF4J: Ignoring binding found at [jar:file:/C:/Users/shaik/.m2/repository/org/apache/logging/log4j/log4j-slf4j-impl/2.22.1/log4j-slf4j-impl-2.22.1.jar!/org/slf4j/impl/StaticLoggerBinder.class]
SLF4J: See https://www.slf4j.org/codes.html#ignoredBindings for an explanation.
]]></system-err>
  </testcase>
  <testcase name="setUp" classname="com.snasquare.appium.tests.EPostTest" time="12.366">
    <failure message="Could not start a new session. Response code 500. Message: Cannot start the &apos;com.lfx.app&apos; application. Consider checking the driver&apos;s troubleshooting documentation. Original error: Error executing adbExec. Original error: &apos;Command &apos;&apos;D:\Android\platform-tools\adb.exe&apos; -P 5037 -s 192.168.1.17\:5555 shell am start-activity -W -n com.lfx.app/.LoginActivity -S -a android.intent.action.MAIN -c android.intent.category.LAUNCHER -f 0x10200000&apos; exited with code 1&apos;; Command output: Stopping: com.lfx.app&#10;Starting: Intent { act=android.intent.action.MAIN cat=[android.intent.category.LAUNCHER] flg=0x10200000 cmp=com.lfx.app/.LoginActivity }&#10;Error type 3&#10;Error: Activity class {com.lfx.app/com.lfx.app.LoginActivity} does not exist.&#10; &#10;Host info: host: &apos;DESKTOP-I7GQDDB&apos;, ip: &apos;192.168.1.9&apos;&#10;Build info: version: &apos;4.13.0&apos;, revision: &apos;ba948ece5b*&apos;&#10;System info: os.name: &apos;Windows 11&apos;, os.arch: &apos;amd64&apos;, os.version: &apos;10.0&apos;, java.version: &apos;21&apos;&#10;Driver info: io.appium.java_client.android.AndroidDriver&#10;Command: [null, newSession {capabilities=[{appium:appActivity=.LoginActivity, appium:appPackage=com.lfx.app, appium:automationName=UiAutomator2, appium:deviceName=Android Device, appium:fullReset=false, appium:noReset=true, platformName=ANDROID, appium:udid=192.168.1.17:5555}], desiredCapabilities=Capabilities {appActivity: .LoginActivity, appPackage: com.lfx.app, automationName: UiAutomator2, deviceName: Android Device, fullReset: false, noReset: true, platformName: ANDROID, udid: 192.168.1.17:5555}}]&#10;Capabilities {appActivity: .LoginActivity, appPackage: com.lfx.app, automationName: UiAutomator2, deviceName: Android Device, fullReset: false, noReset: true, platformName: ANDROID, udid: 192.168.1.17:5555}" type="org.openqa.selenium.SessionNotCreatedException"><![CDATA[org.openqa.selenium.SessionNotCreatedException: 
Could not start a new session. Response code 500. Message: Cannot start the 'com.lfx.app' application. Consider checking the driver's troubleshooting documentation. Original error: Error executing adbExec. Original error: 'Command ''D:\Android\platform-tools\adb.exe' -P 5037 -s 192.168.1.17\:5555 shell am start-activity -W -n com.lfx.app/.LoginActivity -S -a android.intent.action.MAIN -c android.intent.category.LAUNCHER -f 0x10200000' exited with code 1'; Command output: Stopping: com.lfx.app
Starting: Intent { act=android.intent.action.MAIN cat=[android.intent.category.LAUNCHER] flg=0x10200000 cmp=com.lfx.app/.LoginActivity }
Error type 3
Error: Activity class {com.lfx.app/com.lfx.app.LoginActivity} does not exist.
 
Host info: host: 'DESKTOP-I7GQDDB', ip: '192.168.1.9'
Build info: version: '4.13.0', revision: 'ba948ece5b*'
System info: os.name: 'Windows 11', os.arch: 'amd64', os.version: '10.0', java.version: '21'
Driver info: io.appium.java_client.android.AndroidDriver
Command: [null, newSession {capabilities=[{appium:appActivity=.LoginActivity, appium:appPackage=com.lfx.app, appium:automationName=UiAutomator2, appium:deviceName=Android Device, appium:fullReset=false, appium:noReset=true, platformName=ANDROID, appium:udid=192.168.1.17:5555}], desiredCapabilities=Capabilities {appActivity: .LoginActivity, appPackage: com.lfx.app, automationName: UiAutomator2, deviceName: Android Device, fullReset: false, noReset: true, platformName: ANDROID, udid: 192.168.1.17:5555}}]
Capabilities {appActivity: .LoginActivity, appPackage: com.lfx.app, automationName: UiAutomator2, deviceName: Android Device, fullReset: false, noReset: true, platformName: ANDROID, udid: 192.168.1.17:5555}
	at org.openqa.selenium.remote.ProtocolHandshake.createSession(ProtocolHandshake.java:140)
	at java.base/jdk.internal.reflect.DirectMethodHandleAccessor.invoke(DirectMethodHandleAccessor.java:103)
	at java.base/java.lang.reflect.Method.invoke(Method.java:580)
	at io.appium.java_client.remote.AppiumProtocolHandshake.createSession(AppiumProtocolHandshake.java:133)
	at io.appium.java_client.remote.AppiumProtocolHandshake.createSession(AppiumProtocolHandshake.java:102)
	at io.appium.java_client.remote.AppiumCommandExecutor.createSession(AppiumCommandExecutor.java:182)
	at io.appium.java_client.remote.AppiumCommandExecutor.execute(AppiumCommandExecutor.java:250)
	at org.openqa.selenium.remote.RemoteWebDriver.execute(RemoteWebDriver.java:602)
	at io.appium.java_client.AppiumDriver.startSession(AppiumDriver.java:274)
	at org.openqa.selenium.remote.RemoteWebDriver.<init>(RemoteWebDriver.java:163)
	at io.appium.java_client.AppiumDriver.<init>(AppiumDriver.java:89)
	at io.appium.java_client.AppiumDriver.<init>(AppiumDriver.java:101)
	at io.appium.java_client.android.AndroidDriver.<init>(AndroidDriver.java:113)
	at com.snasquare.appium.tests.EPostTest.setUp(EPostTest.java:41)
	at java.base/jdk.internal.reflect.DirectMethodHandleAccessor.invoke(DirectMethodHandleAccessor.java:103)
	at java.base/java.lang.reflect.Method.invoke(Method.java:580)
	at org.testng.internal.invokers.MethodInvocationHelper.invokeMethod(MethodInvocationHelper.java:139)
	at org.testng.internal.invokers.MethodInvocationHelper.invokeMethodConsideringTimeout(MethodInvocationHelper.java:69)
	at org.testng.internal.invokers.ConfigInvoker.invokeConfigurationMethod(ConfigInvoker.java:393)
	at org.testng.internal.invokers.ConfigInvoker.invokeConfigurations(ConfigInvoker.java:326)
	at org.testng.internal.invokers.TestMethodWorker.invokeBeforeClassMethods(TestMethodWorker.java:180)
	at org.testng.internal.invokers.TestMethodWorker.run(TestMethodWorker.java:122)
	at java.base/java.util.ArrayList.forEach(ArrayList.java:1596)
	at org.testng.TestRunner.privateRun(TestRunner.java:819)
	at org.testng.TestRunner.run(TestRunner.java:619)
	at org.testng.SuiteRunner.runTest(SuiteRunner.java:443)
	at org.testng.SuiteRunner.runSequentially(SuiteRunner.java:437)
	at org.testng.SuiteRunner.privateRun(SuiteRunner.java:397)
	at org.testng.SuiteRunner.run(SuiteRunner.java:336)
	at org.testng.SuiteRunnerWorker.runSuite(SuiteRunnerWorker.java:52)
	at org.testng.SuiteRunnerWorker.run(SuiteRunnerWorker.java:95)
	at org.testng.TestNG.runSuitesSequentially(TestNG.java:1301)
	at org.testng.TestNG.runSuitesLocally(TestNG.java:1228)
	at org.testng.TestNG.runSuites(TestNG.java:1134)
	at org.testng.TestNG.run(TestNG.java:1101)
	at org.apache.maven.surefire.testng.TestNGExecutor.run(TestNGExecutor.java:308)
	at org.apache.maven.surefire.testng.TestNGXmlTestSuite.execute(TestNGXmlTestSuite.java:71)
	at org.apache.maven.surefire.testng.TestNGProvider.invoke(TestNGProvider.java:113)
	at org.apache.maven.surefire.booter.ForkedBooter.runSuitesInProcess(ForkedBooter.java:385)
	at org.apache.maven.surefire.booter.ForkedBooter.execute(ForkedBooter.java:162)
	at org.apache.maven.surefire.booter.ForkedBooter.run(ForkedBooter.java:507)
	at org.apache.maven.surefire.booter.ForkedBooter.main(ForkedBooter.java:495)
]]></failure>
  </testcase>
  <testcase name="automatedLoginTest" classname="com.snasquare.appium.tests.EPostTest" time="0.0">
    <skipped message="Could not start a new session. Response code 500. Message: Cannot start the &apos;com.lfx.app&apos; application. Consider checking the driver&apos;s troubleshooting documentation. Original error: Error executing adbExec. Original error: &apos;Command &apos;&apos;D:\Android\platform-tools\adb.exe&apos; -P 5037 -s 192.168.1.17\:5555 shell am start-activity -W -n com.lfx.app/.LoginActivity -S -a android.intent.action.MAIN -c android.intent.category.LAUNCHER -f 0x10200000&apos; exited with code 1&apos;; Command output: Stopping: com.lfx.app&#10;Starting: Intent { act=android.intent.action.MAIN cat=[android.intent.category.LAUNCHER] flg=0x10200000 cmp=com.lfx.app/.LoginActivity }&#10;Error type 3&#10;Error: Activity class {com.lfx.app/com.lfx.app.LoginActivity} does not exist.&#10; &#10;Host info: host: &apos;DESKTOP-I7GQDDB&apos;, ip: &apos;192.168.1.9&apos;&#10;Build info: version: &apos;4.13.0&apos;, revision: &apos;ba948ece5b*&apos;&#10;System info: os.name: &apos;Windows 11&apos;, os.arch: &apos;amd64&apos;, os.version: &apos;10.0&apos;, java.version: &apos;21&apos;&#10;Driver info: io.appium.java_client.android.AndroidDriver&#10;Command: [null, newSession {capabilities=[{appium:appActivity=.LoginActivity, appium:appPackage=com.lfx.app, appium:automationName=UiAutomator2, appium:deviceName=Android Device, appium:fullReset=false, appium:noReset=true, platformName=ANDROID, appium:udid=192.168.1.17:5555}], desiredCapabilities=Capabilities {appActivity: .LoginActivity, appPackage: com.lfx.app, automationName: UiAutomator2, deviceName: Android Device, fullReset: false, noReset: true, platformName: ANDROID, udid: 192.168.1.17:5555}}]&#10;Capabilities {appActivity: .LoginActivity, appPackage: com.lfx.app, automationName: UiAutomator2, deviceName: Android Device, fullReset: false, noReset: true, platformName: ANDROID, udid: 192.168.1.17:5555}"/>
  </testcase>
</testsuite>