<?xml version="1.0" encoding="UTF-8"?>
<!-- Generated by org.testng.reporters.JUnitXMLReporter -->
<testsuite ignored="0" hostname="DESKTOP-I7GQDDB" failures="0" tests="2" name="LFX All Tests" time="17.804" errors="0" timestamp="2026-03-30T13:24:57 IST">
  <testcase classname="com.snasquare.appium.tests.EPostTest" name="@BeforeClass setUp" time="4.454">
    <failure type="org.openqa.selenium.SessionNotCreatedException" message="Could not start a new session. Response code 500. Message: Cannot start the &amp;apos;com.lfx.app&amp;apos; application. Consider checking the driver&amp;apos;s troubleshooting documentation. Original error: Error executing adbExec. Original error: &amp;apos;Command &amp;apos;&amp;apos;D:\Android\platform-tools\adb.exe&amp;apos; -P 5037 -s 192.168.1.17\:5555 shell am start-activity -W -n com.lfx.app/.LoginActivity -S -a android.intent.action.MAIN -c android.intent.category.LAUNCHER -f 0x10200000&amp;apos; exited with code 1&amp;apos;; Command output: Stopping: com.lfx.app
Starting: Intent { act=android.intent.action.MAIN cat=[android.intent.category.LAUNCHER] flg=0x10200000 cmp=com.lfx.app/.LoginActivity }
Error type 3
Error: Activity class {com.lfx.app/com.lfx.app.LoginActivity} does not exist.
 
Host info: host: &amp;apos;DESKTOP-I7GQDDB&amp;apos;, ip: &amp;apos;192.168.1.9&amp;apos;
Build info: version: &amp;apos;4.13.0&amp;apos;, revision: &amp;apos;ba948ece5b*&amp;apos;
System info: os.name: &amp;apos;Windows 11&amp;apos;, os.arch: &amp;apos;amd64&amp;apos;, os.version: &amp;apos;10.0&amp;apos;, java.version: &amp;apos;21&amp;apos;
Driver info: io.appium.java_client.android.AndroidDriver
Command: [null, newSession {capabilities=[{appium:appActivity=.LoginActivity, appium:appPackage=com.lfx.app, appium:automationName=UiAutomator2, appium:deviceName=Android Device, appium:fullReset=false, appium:noReset=true, platformName=ANDROID, appium:udid=192.168.1.17:5555}], desiredCapabilities=Capabilities {appActivity: .LoginActivity, appPackage: com.lfx.app, automationName: UiAutomator2, deviceName: Android Device, fullReset: false, noReset: true, platformName: ANDROID, udid: 192.168.1.17:5555}}]
Capabilities {appActivity: .LoginActivity, appPackage: com.lfx.app, automationName: UiAutomator2, deviceName: Android Device, fullReset: false, noReset: true, platformName: ANDROID, udid: 192.168.1.17:5555}">
      <![CDATA[org.openqa.selenium.SessionNotCreatedException: Could not start a new session. Response code 500. Message: Cannot start the 'com.lfx.app' application. Consider checking the driver's troubleshooting documentation. Original error: Error executing adbExec. Original error: 'Command ''D:\Android\platform-tools\adb.exe' -P 5037 -s 192.168.1.17\:5555 shell am start-activity -W -n com.lfx.app/.LoginActivity -S -a android.intent.action.MAIN -c android.intent.category.LAUNCHER -f 0x10200000' exited with code 1'; Command output: Stopping: com.lfx.app
Starting: Intent { act=android.intent.action.MAIN cat=[android.intent.category.LAUNCHER] flg=0x10200000 cmp=com.lfx.app/.LoginActivity }
Error type 3
Error: Activity class {com.lfx.app/com.lfx.app.LoginActivity} does not exist.
 
Host info: host: 'DESKTOP-I7GQDDB', ip: '192.168.1.9'
Build info: version: '4.13.0', revision: 'ba948ece5b*'
System info: os.name: 'Windows 11', os.arch: 'amd64', os.version: '10.0', java.version: '21'
Driver info: io.appium.java_client.android.AndroidDriver
Command: [null, newSession {capabilities=[{appium:appActivity=.LoginActivity, appium:appPackage=com.lfx.app, appium:automationName=UiAutomator2, appium:deviceName=Android Device, appium:fullReset=false, appium:noReset=true, platformName=ANDROID, appium:udid=192.168.1.17:5555}], desiredCapabilities=Capabilities {appActivity: .LoginActivity, appPackage: com.lfx.app, automationName: UiAutomator2, deviceName: Android Device, fullReset: false, noReset: true, platformName: ANDROID, udid: 192.168.1.17:5555}}]
Capabilities {appActivity: .LoginActivity, appPackage: com.lfx.app, automationName: UiAutomator2, deviceName: Android Device, fullReset: false, noReset: true, platformName: ANDROID, udid: 192.168.1.17:5555}
at org.openqa.selenium.remote.ProtocolHandshake.createSession(ProtocolHandshake.java:140)
at io.appium.java_client.remote.AppiumProtocolHandshake.createSession(AppiumProtocolHandshake.java:133)
at io.appium.java_client.remote.AppiumProtocolHandshake.createSession(AppiumProtocolHandshake.java:102)
at io.appium.java_client.remote.AppiumCommandExecutor.createSession(AppiumCommandExecutor.java:182)
at io.appium.java_client.remote.AppiumCommandExecutor.execute(AppiumCommandExecutor.java:250)
at org.openqa.selenium.remote.RemoteWebDriver.execute(RemoteWebDriver.java:602)
at io.appium.java_client.AppiumDriver.startSession(AppiumDriver.java:274)
at org.openqa.selenium.remote.RemoteWebDriver.<init>(RemoteWebDriver.java:163)
at io.appium.java_client.AppiumDriver.<init>(AppiumDriver.java:89)
at io.appium.java_client.AppiumDriver.<init>(AppiumDriver.java:101)
at io.appium.java_client.android.AndroidDriver.<init>(AndroidDriver.java:113)
at com.snasquare.appium.tests.EPostTest.setUp(EPostTest.java:41)
at java.base/java.util.ArrayList.forEach(ArrayList.java:1596)
... Removed 29 stack frames]]>
    </failure>
  </testcase> <!-- @BeforeClass setUp -->
  <testcase classname="com.snasquare.appium.tests.LoginTest" name="automatedLoginTest" time="7.266"/>
  <testcase classname="com.snasquare.appium.tests.EPostTest" name="automatedLoginTest" time="0.0">
    <skipped/>
  </testcase> <!-- automatedLoginTest -->
</testsuite> <!-- LFX All Tests -->
